<?xml version="1.0" ?>
<!DOCTYPE coverage SYSTEM "http://cobertura.sourceforge.net/xml/coverage-04.dtd">
<coverage lines-valid="272"  lines-covered="212"  line-rate="0.7794"  branches-valid="536"  branches-covered="395"  branch-rate="0.7369"  timestamp="1406564281254" complexity="0" version="0.1">
<sources>
    <source>/path/to/workspace</source>
</sources>
<packages>
    <package name="mytests"  line-rate="0.29510000000000003"  branch-rate="0.1765" >
    <classes>
        <class name="test.js"  filename="mytests/test.js"  line-rate="0.29510000000000003"  branch-rate="0.1765" >
        <methods>
            <method name="(anonymous_1)"  hits="2"  signature="()V" >
                <lines><line number="4"  hits="2" /></lines>
            </method>
            <method name="update_iframe"  hits="0"  signature="()V" >
                <lines><line number="14"  hits="0" /></lines>
            </method>
            <method name="(anonymous_3)"  hits="0"  signature="()V" >
                <lines><line number="25"  hits="0" /></lines>
            </method>
            <method name="(anonymous_4)"  hits="3"  signature="()V" >
                <lines><line number="32"  hits="3" /></lines>
            </method>
            <method name="(anonymous_5)"  hits="0"  signature="()V" >
                <lines><line number="44"  hits="0" /></lines>
            </method>
            <method name="(anonymous_6)"  hits="0"  signature="()V" >
                <lines><line number="49"  hits="0" /></lines>
            </method>
            <method name="handle_message"  hits="0"  signature="()V" >
                <lines><line number="54"  hits="0" /></lines>
            </method>
            <method name="process_token"  hits="0"  signature="()V" >
                <lines><line number="75"  hits="0" /></lines>
            </method>
        </methods>
        <lines>
            <line number="1"  hits="1"  branch="false" />
            <line number="5"  hits="2"  branch="false" />
            <line number="6"  hits="2"  branch="false" />
            <line number="8"  hits="2"  branch="false" />
            <line number="9"  hits="2"  branch="false" />
            <line number="10"  hits="2"  branch="false" />
            <line number="11"  hits="2"  branch="false" />
            <line number="12"  hits="2"  branch="false" />
            <line number="14"  hits="1"  branch="false" />
            <line number="15"  hits="0"  branch="false" />
            <line number="16"  hits="0"  branch="false" />
            <line number="19"  hits="2"  branch="true"  condition-coverage="50% (1/2)" />
            <line number="20"  hits="2"  branch="true"  condition-coverage="100% (2/2)" />
            <line number="21"  hits="1"  branch="false" />
            <line number="25"  hits="1"  branch="false" />
            <line number="33"  hits="3"  branch="true"  condition-coverage="75% (3/4)" />
            <line number="34"  hits="3"  branch="false" />
            <line number="35"  hits="0"  branch="true"  condition-coverage="0% (0/4)" />
            <line number="36"  hits="0"  branch="false" />
            <line number="37"  hits="0"  branch="true"  condition-coverage="0% (0/2)" />
            <line number="38"  hits="0"  branch="false" />
            <line number="40"  hits="0"  branch="false" />
            <line number="45"  hits="0"  branch="false" />
            <line number="46"  hits="0"  branch="false" />
            <line number="50"  hits="0"  branch="false" />
            <line number="51"  hits="0"  branch="false" />
            <line number="52"  hits="0"  branch="false" />
            <line number="54"  hits="1"  branch="false" />
            <line number="55"  hits="0"  branch="true"  condition-coverage="0% (0/2)" />
            <line number="56"  hits="0"  branch="false" />
            <line number="59"  hits="0"  branch="true"  condition-coverage="0% (0/2)" />
            <line number="60"  hits="0"  branch="false" />
            <line number="61"  hits="0"  branch="true"  condition-coverage="0% (0/2)" />
            <line number="62"  hits="0"  branch="false" />
            <line number="65"  hits="0"  branch="false" />
            <line number="66"  hits="0"  branch="true"  condition-coverage="0% (0/2)" />
            <line number="67"  hits="0"  branch="false" />
            <line number="68"  hits="0"  branch="true"  condition-coverage="0% (0/2)" />
            <line number="69"  hits="0"  branch="false" />
            <line number="75"  hits="1"  branch="false" />
            <line number="77"  hits="0"  branch="true"  condition-coverage="0% (0/2)" />
            <line number="78"  hits="0"  branch="false" />
            <line number="81"  hits="0"  branch="false" />
            <line number="83"  hits="0"  branch="false" />
            <line number="84"  hits="0"  branch="true"  condition-coverage="0% (0/2)" />
            <line number="86"  hits="0"  branch="false" />
            <line number="89"  hits="0"  branch="false" />
            <line number="95"  hits="0"  branch="false" />
            <line number="96"  hits="0"  branch="false" />
            <line number="98"  hits="0"  branch="true"  condition-coverage="0% (0/2)" />
            <line number="99"  hits="0"  branch="false" />
            <line number="101"  hits="0"  branch="false" />
            <line number="104"  hits="0"  branch="false" />
            <line number="107"  hits="0"  branch="true"  condition-coverage="0% (0/2)" />
            <line number="108"  hits="0"  branch="false" />
            <line number="109"  hits="0"  branch="true"  condition-coverage="0% (0/2)" />
            <line number="110"  hits="0"  branch="false" />
            <line number="113"  hits="0"  branch="false" />
            <line number="114"  hits="0"  branch="false" />
            <line number="116"  hits="0"  branch="false" />
            <line number="120"  hits="1"  branch="false" />
        </lines>
        </class>
    </classes>
    </package>
    <package name="mytests.v3"  line-rate="0.8881999999999999"  branch-rate="0.75" >
    <classes>
        <class name="api_manager.js"  filename="mytests/v3/api_manager.js"  line-rate="0.8881999999999999"  branch-rate="0.75" >
        <methods>
            <method name="(anonymous_1)"  hits="1"  signature="()V" >
                <lines><line number="1"  hits="1" /></lines>
            </method>
            <method name="(anonymous_2)"  hits="0"  signature="()V" >
                <lines><line number="2"  hits="0" /></lines>
            </method>
            <method name="(anonymous_3)"  hits="6"  signature="()V" >
                <lines><line number="18"  hits="6" /></lines>
            </method>
            <method name="(anonymous_4)"  hits="4"  signature="()V" >
                <lines><line number="20"  hits="4" /></lines>
            </method>
            <method name="(anonymous_5)"  hits="3"  signature="()V" >
                <lines><line number="30"  hits="3" /></lines>
            </method>
            <method name="(anonymous_6)"  hits="4"  signature="()V" >
                <lines><line number="35"  hits="4" /></lines>
            </method>
            <method name="(anonymous_7)"  hits="4"  signature="()V" >
                <lines><line number="42"  hits="4" /></lines>
            </method>
            <method name="(anonymous_8)"  hits="3"  signature="()V" >
                <lines><line number="49"  hits="3" /></lines>
            </method>
            <method name="(anonymous_9)"  hits="3"  signature="()V" >
                <lines><line number="54"  hits="3" /></lines>
            </method>
            <method name="(anonymous_10)"  hits="3"  signature="()V" >
                <lines><line number="59"  hits="3" /></lines>
            </method>
            <method name="(anonymous_11)"  hits="3"  signature="()V" >
                <lines><line number="64"  hits="3" /></lines>
            </method>
            <method name="(anonymous_12)"  hits="3"  signature="()V" >
                <lines><line number="69"  hits="3" /></lines>
            </method>
            <method name="(anonymous_13)"  hits="3"  signature="()V" >
                <lines><line number="74"  hits="3" /></lines>
            </method>
            <method name="(anonymous_14)"  hits="3"  signature="()V" >
                <lines><line number="79"  hits="3" /></lines>
            </method>
            <method name="(anonymous_15)"  hits="3"  signature="()V" >
                <lines><line number="85"  hits="3" /></lines>
            </method>
            <method name="(anonymous_16)"  hits="4"  signature="()V" >
                <lines><line number="91"  hits="4" /></lines>
            </method>
            <method name="(anonymous_17)"  hits="3"  signature="()V" >
                <lines><line number="101"  hits="3" /></lines>
            </method>
            <method name="(anonymous_18)"  hits="0"  signature="()V" >
                <lines><line number="109"  hits="0" /></lines>
            </method>
            <method name="(anonymous_19)"  hits="0"  signature="()V" >
                <lines><line number="111"  hits="0" /></lines>
            </method>
            <method name="(anonymous_20)"  hits="0"  signature="()V" >
                <lines><line number="120"  hits="0" /></lines>
            </method>
            <method name="(anonymous_21)"  hits="0"  signature="()V" >
                <lines><line number="122"  hits="0" /></lines>
            </method>
            <method name="(anonymous_22)"  hits="3"  signature="()V" >
                <lines><line number="130"  hits="3" /></lines>
            </method>
            <method name="(anonymous_23)"  hits="4"  signature="()V" >
                <lines><line number="135"  hits="4" /></lines>
            </method>
            <method name="(anonymous_24)"  hits="3"  signature="()V" >
                <lines><line number="142"  hits="3" /></lines>
            </method>
            <method name="(anonymous_25)"  hits="3"  signature="()V" >
                <lines><line number="147"  hits="3" /></lines>
            </method>
            <method name="(anonymous_26)"  hits="3"  signature="()V" >
                <lines><line number="152"  hits="3" /></lines>
            </method>
            <method name="(anonymous_27)"  hits="3"  signature="()V" >
                <lines><line number="157"  hits="3" /></lines>
            </method>
            <method name="(anonymous_28)"  hits="3"  signature="()V" >
                <lines><line number="162"  hits="3" /></lines>
            </method>
            <method name="(anonymous_29)"  hits="3"  signature="()V" >
                <lines><line number="167"  hits="3" /></lines>
            </method>
            <method name="(anonymous_30)"  hits="3"  signature="()V" >
                <lines><line number="172"  hits="3" /></lines>
            </method>
            <method name="(anonymous_31)"  hits="3"  signature="()V" >
                <lines><line number="179"  hits="3" /></lines>
            </method>
            <method name="(anonymous_32)"  hits="3"  signature="()V" >
                <lines><line number="184"  hits="3" /></lines>
            </method>
            <method name="(anonymous_33)"  hits="3"  signature="()V" >
                <lines><line number="190"  hits="3" /></lines>
            </method>
            <method name="(anonymous_34)"  hits="4"  signature="()V" >
                <lines><line number="196"  hits="4" /></lines>
            </method>
            <method name="(anonymous_35)"  hits="3"  signature="()V" >
                <lines><line number="206"  hits="3" /></lines>
            </method>
            <method name="(anonymous_36)"  hits="3"  signature="()V" >
                <lines><line number="216"  hits="3" /></lines>
            </method>
            <method name="(anonymous_37)"  hits="3"  signature="()V" >
                <lines><line number="222"  hits="3" /></lines>
            </method>
            <method name="(anonymous_38)"  hits="3"  signature="()V" >
                <lines><line number="237"  hits="3" /></lines>
            </method>
            <method name="(anonymous_39)"  hits="3"  signature="()V" >
                <lines><line number="242"  hits="3" /></lines>
            </method>
            <method name="(anonymous_40)"  hits="3"  signature="()V" >
                <lines><line number="248"  hits="3" /></lines>
            </method>
            <method name="(anonymous_41)"  hits="4"  signature="()V" >
                <lines><line number="253"  hits="4" /></lines>
            </method>
            <method name="call_api"  hits="124"  signature="()V" >
                <lines><line number="280"  hits="124" /></lines>
            </method>
            <method name="updatetestSettings"  hits="4"  signature="()V" >
                <lines><line number="289"  hits="4" /></lines>
            </method>
            <method name="(anonymous_44)"  hits="0"  signature="()V" >
                <lines><line number="291"  hits="0" /></lines>
            </method>
            <method name="(anonymous_45)"  hits="2"  signature="()V" >
                <lines><line number="293"  hits="2" /></lines>
            </method>
            <method name="(anonymous_46)"  hits="1"  signature="()V" >
                <lines><line number="300"  hits="1" /></lines>
            </method>
            <method name="update_next_Test"  hits="2"  signature="()V" >
                <lines><line number="307"  hits="2" /></lines>
            </method>
            <method name="update_test2"  hits="4"  signature="()V" >
                <lines><line number="312"  hits="4" /></lines>
            </method>
            <method name="update_Test"  hits="3"  signature="()V" >
                <lines><line number="317"  hits="3" /></lines>
            </method>
        </methods>
        <lines>
            <line number="1"  hits="1"  branch="false" />
            <line number="2"  hits="1"  branch="false" />
            <line number="3"  hits="1"  branch="false" />
            <line number="19"  hits="6"  branch="false" />
            <line number="20"  hits="6"  branch="false" />
            <line number="21"  hits="4"  branch="false" />
            <line number="22"  hits="4"  branch="false" />
            <line number="23"  hits="4"  branch="true"  condition-coverage="100% (2/2)" />
            <line number="24"  hits="3"  branch="false" />
            <line number="25"  hits="1"  branch="false" />
            <line number="31"  hits="3"  branch="false" />
            <line number="32"  hits="3"  branch="false" />
            <line number="36"  hits="4"  branch="false" />
            <line number="37"  hits="4"  branch="false" />
            <line number="43"  hits="4"  branch="false" />
            <line number="44"  hits="4"  branch="false" />
            <line number="45"  hits="4"  branch="true"  condition-coverage="100% (2/2)" />
            <line number="46"  hits="4"  branch="false" />
            <line number="50"  hits="3"  branch="false" />
            <line number="51"  hits="3"  branch="false" />
            <line number="55"  hits="3"  branch="false" />
            <line number="56"  hits="3"  branch="false" />
            <line number="60"  hits="3"  branch="false" />
            <line number="61"  hits="3"  branch="false" />
            <line number="65"  hits="3"  branch="false" />
            <line number="66"  hits="3"  branch="false" />
            <line number="70"  hits="3"  branch="false" />
            <line number="71"  hits="3"  branch="false" />
            <line number="75"  hits="3"  branch="false" />
            <line number="76"  hits="3"  branch="false" />
            <line number="80"  hits="3"  branch="false" />
            <line number="81"  hits="3"  branch="false" />
            <line number="82"  hits="3"  branch="false" />
            <line number="86"  hits="3"  branch="false" />
            <line number="87"  hits="3"  branch="false" />
            <line number="88"  hits="3"  branch="false" />
            <line number="92"  hits="4"  branch="false" />
            <line number="93"  hits="4"  branch="true"  condition-coverage="100% (4/4)" />
            <line number="94"  hits="1"  branch="false" />
            <line number="96"  hits="3"  branch="false" />
            <line number="97"  hits="3"  branch="false" />
            <line number="102"  hits="3"  branch="false" />
            <line number="103"  hits="3"  branch="false" />
            <line number="110"  hits="0"  branch="false" />
            <line number="111"  hits="0"  branch="false" />
            <line number="112"  hits="0"  branch="false" />
            <line number="113"  hits="0"  branch="false" />
            <line number="114"  hits="0"  branch="false" />
            <line number="121"  hits="0"  branch="false" />
            <line number="122"  hits="0"  branch="false" />
            <line number="123"  hits="0"  branch="true"  condition-coverage="0% (0/2)" />
            <line number="124"  hits="0"  branch="true"  condition-coverage="0% (0/2)" />
            <line number="127"  hits="0"  branch="false" />
            <line number="131"  hits="3"  branch="false" />
            <line number="132"  hits="3"  branch="false" />
            <line number="136"  hits="4"  branch="false" />
            <line number="137"  hits="4"  branch="false" />
            <line number="138"  hits="4"  branch="true"  condition-coverage="100% (2/2)" />
            <line number="139"  hits="4"  branch="false" />
            <line number="143"  hits="3"  branch="false" />
            <line number="144"  hits="3"  branch="false" />
            <line number="148"  hits="3"  branch="false" />
            <line number="149"  hits="3"  branch="false" />
            <line number="153"  hits="3"  branch="false" />
            <line number="154"  hits="3"  branch="false" />
            <line number="158"  hits="3"  branch="false" />
            <line number="159"  hits="3"  branch="false" />
            <line number="163"  hits="3"  branch="false" />
            <line number="164"  hits="3"  branch="false" />
            <line number="168"  hits="3"  branch="false" />
            <line number="169"  hits="3"  branch="false" />
            <line number="173"  hits="3"  branch="false" />
            <line number="174"  hits="3"  branch="false" />
            <line number="180"  hits="3"  branch="false" />
            <line number="181"  hits="3"  branch="false" />
            <line number="185"  hits="3"  branch="false" />
            <line number="186"  hits="3"  branch="false" />
            <line number="187"  hits="3"  branch="false" />
            <line number="191"  hits="3"  branch="false" />
            <line number="192"  hits="3"  branch="false" />
            <line number="193"  hits="3"  branch="false" />
            <line number="197"  hits="4"  branch="false" />
            <line number="198"  hits="4"  branch="true"  condition-coverage="100% (4/4)" />
            <line number="199"  hits="1"  branch="false" />
            <line number="201"  hits="3"  branch="false" />
            <line number="202"  hits="3"  branch="false" />
            <line number="207"  hits="3"  branch="false" />
            <line number="208"  hits="3"  branch="false" />
            <line number="209"  hits="3"  branch="false" />
            <line number="210"  hits="3"  branch="false" />
            <line number="212"  hits="3"  branch="false" />
            <line number="213"  hits="3"  branch="false" />
            <line number="217"  hits="3"  branch="false" />
            <line number="218"  hits="3"  branch="false" />
            <line number="219"  hits="3"  branch="false" />
            <line number="223"  hits="3"  branch="false" />
            <line number="224"  hits="3"  branch="false" />
            <line number="225"  hits="3"  branch="false" />
            <line number="226"  hits="3"  branch="false" />
            <line number="227"  hits="3"  branch="false" />
            <line number="228"  hits="3"  branch="false" />
            <line number="229"  hits="3"  branch="false" />
            <line number="230"  hits="3"  branch="false" />
            <line number="238"  hits="3"  branch="false" />
            <line number="239"  hits="3"  branch="false" />
            <line number="243"  hits="3"  branch="false" />
            <line number="244"  hits="3"  branch="false" />
            <line number="245"  hits="3"  branch="false" />
            <line number="249"  hits="3"  branch="false" />
            <line number="250"  hits="3"  branch="false" />
            <line number="254"  hits="4"  branch="false" />
            <line number="255"  hits="4"  branch="true"  condition-coverage="100% (4/4)" />
            <line number="256"  hits="1"  branch="false" />
            <line number="258"  hits="3"  branch="false" />
            <line number="259"  hits="3"  branch="false" />
            <line number="265"  hits="1"  branch="false" />
            <line number="266"  hits="1"  branch="true"  condition-coverage="50% (1/2)" />
            <line number="267"  hits="0"  branch="false" />
            <line number="269"  hits="1"  branch="true"  condition-coverage="50% (1/2)" />
            <line number="270"  hits="0"  branch="false" />
            <line number="271"  hits="0"  branch="false" />
            <line number="272"  hits="1"  branch="true"  condition-coverage="50% (1/2)" />
            <line number="273"  hits="0"  branch="false" />
            <line number="274"  hits="0"  branch="false" />
            <line number="275"  hits="1"  branch="true"  condition-coverage="50% (1/2)" />
            <line number="276"  hits="0"  branch="false" />
            <line number="277"  hits="0"  branch="false" />
            <line number="280"  hits="1"  branch="false" />
            <line number="281"  hits="124"  branch="false" />
            <line number="282"  hits="124"  branch="false" />
            <line number="283"  hits="124"  branch="true"  condition-coverage="100% (2/2)" />
            <line number="285"  hits="124"  branch="false" />
            <line number="286"  hits="124"  branch="false" />
            <line number="289"  hits="1"  branch="false" />
            <line number="290"  hits="4"  branch="false" />
            <line number="291"  hits="4"  branch="true"  condition-coverage="50% (1/2)" />
            <line number="293"  hits="4"  branch="false" />
            <line number="294"  hits="2"  branch="true"  condition-coverage="100% (2/2)" />
            <line number="295"  hits="1"  branch="false" />
            <line number="297"  hits="2"  branch="false" />
            <line number="300"  hits="4"  branch="false" />
            <line number="301"  hits="1"  branch="false" />
            <line number="304"  hits="4"  branch="false" />
            <line number="307"  hits="1"  branch="false" />
            <line number="308"  hits="2"  branch="true"  condition-coverage="100% (2/2)" />
            <line number="309"  hits="1"  branch="true"  condition-coverage="50% (1/2)" />
            <line number="312"  hits="1"  branch="false" />
            <line number="313"  hits="4"  branch="false" />
            <line number="314"  hits="4"  branch="false" />
            <line number="317"  hits="1"  branch="false" />
            <line number="318"  hits="3"  branch="false" />
            <line number="319"  hits="3"  branch="false" />
        </lines>
        </class>
    </classes>
    </package>
    <package name="widget_core.common"  line-rate="1"  branch-rate="1" >
    <classes>
        <class name="getElementsByRegex.js"  filename="widget_core/common/getElementsByRegex.js"  line-rate="1"  branch-rate="1" >
        <methods>
            <method name="(anonymous_1)"  hits="8"  signature="()V" >
                <lines><line number="5"  hits="8" /></lines>
            </method>
            <method name="(anonymous_2)"  hits="1560"  signature="()V" >
                <lines><line number="8"  hits="1560" /></lines>
            </method>
        </methods>
        <lines>
            <line number="5"  hits="1"  branch="false" />
            <line number="6"  hits="8"  branch="false" />
            <line number="8"  hits="8"  branch="false" />
            <line number="9"  hits="1560"  branch="true"  condition-coverage="100% (6/6)" />
            <line number="11"  hits="12"  branch="false" />
            <line number="13"  hits="1560"  branch="false" />
            <line number="14"  hits="1552"  branch="false" />
            <line number="17"  hits="8"  branch="false" />
            <line number="18"  hits="8"  branch="false" />
        </lines>
        </class>
        <class name="msiImpulseUpsell.js"  filename="widget_core/common/msiImpulseUpsell.js"  line-rate="1"  branch-rate="1" >
        <methods>
            <method name="(anonymous_1)"  hits="1"  signature="()V" >
                <lines><line number="1"  hits="1" /></lines>
            </method>
            <method name="addTest"  hits="1"  signature="()V" >
                <lines><line number="11"  hits="1" /></lines>
            </method>
        </methods>
        <lines>
            <line number="1"  hits="1"  branch="false" />
            <line number="2"  hits="1"  branch="false" />
            <line number="3"  hits="1"  branch="false" />
            <line number="5"  hits="1"  branch="false" />
            <line number="9"  hits="1"  branch="false" />
            <line number="11"  hits="1"  branch="false" />
            <line number="12"  hits="1"  branch="false" />
            <line number="20"  hits="1"  branch="false" />
            <line number="21"  hits="1"  branch="false" />
            <line number="22"  hits="1"  branch="false" />
            <line number="24"  hits="1"  branch="false" />
        </lines>
        </class>
        <class name="popupManager.js"  filename="widget_core/common/popupManager.js"  line-rate="1"  branch-rate="1" >
        <methods>
            <method name="(anonymous_1)"  hits="1"  signature="()V" >
                <lines><line number="1"  hits="1" /></lines>
            </method>
            <method name="(anonymous_2)"  hits="11"  signature="()V" >
                <lines><line number="2"  hits="11" /></lines>
            </method>
            <method name="show_popup"  hits="10"  signature="()V" >
                <lines><line number="19"  hits="10" /></lines>
            </method>
            <method name="createDiv"  hits="11"  signature="()V" >
                <lines><line number="26"  hits="11" /></lines>
            </method>
            <method name="handleEvents"  hits="4"  signature="()V" >
                <lines><line number="42"  hits="4" /></lines>
            </method>
            <method name="submit_popup"  hits="4"  signature="()V" >
                <lines><line number="50"  hits="4" /></lines>
            </method>
            <method name="close_popup"  hits="5"  signature="()V" >
                <lines><line number="59"  hits="5" /></lines>
            </method>
        </methods>
        <lines>
            <line number="1"  hits="1"  branch="false" />
            <line number="2"  hits="1"  branch="false" />
            <line number="3"  hits="11"  branch="false" />
            <line number="4"  hits="11"  branch="false" />
            <line number="9"  hits="11"  branch="true"  condition-coverage="100% (2/2)" />
            <line number="11"  hits="11"  branch="false" />
            <line number="13"  hits="11"  branch="false" />
            <line number="19"  hits="1"  branch="false" />
            <line number="20"  hits="10"  branch="false" />
            <line number="21"  hits="10"  branch="false" />
            <line number="22"  hits="10"  branch="false" />
            <line number="23"  hits="10"  branch="false" />
            <line number="26"  hits="1"  branch="false" />
            <line number="27"  hits="11"  branch="false" />
            <line number="28"  hits="11"  branch="false" />
            <line number="29"  hits="11"  branch="false" />
            <line number="30"  hits="11"  branch="false" />
            <line number="32"  hits="11"  branch="false" />
            <line number="33"  hits="11"  branch="false" />
            <line number="34"  hits="11"  branch="false" />
            <line number="35"  hits="11"  branch="false" />
            <line number="36"  hits="11"  branch="false" />
            <line number="37"  hits="11"  branch="false" />
            <line number="38"  hits="11"  branch="false" />
            <line number="39"  hits="11"  branch="false" />
            <line number="42"  hits="1"  branch="false" />
            <line number="43"  hits="4"  branch="false" />
            <line number="44"  hits="4"  branch="false" />
            <line number="45"  hits="4"  branch="true"  condition-coverage="100% (2/2)" />
            <line number="46"  hits="3"  branch="false" />
            <line number="50"  hits="1"  branch="false" />
            <line number="51"  hits="4"  branch="true"  condition-coverage="100% (2/2)" />
            <line number="52"  hits="2"  branch="false" />
            <line number="55"  hits="2"  branch="false" />
            <line number="59"  hits="1"  branch="false" />
            <line number="60"  hits="5"  branch="false" />
            <line number="61"  hits="5"  branch="false" />
            <line number="62"  hits="5"  branch="true"  condition-coverage="100% (2/2)" />
        </lines>
        </class>
    </classes>
    </package>
    <package name="widget_core.v3"  line-rate="1"  branch-rate="0.7701" >
    <classes>
        <class name="core-model.js"  filename="widget_core/v3/core-model.js"  line-rate="1"  branch-rate="0.7701" >
        <methods>
            <method name="(anonymous_1)"  hits="0"  signature="()V" >
                <lines><line number="1"  hits="0" /></lines>
            </method>
            <method name="(anonymous_2)"  hits="1"  signature="()V" >
                <lines><line number="1"  hits="1" /></lines>
            </method>
            <method name="t"  hits="26"  signature="()V" >
                <lines><line number="1"  hits="26" /></lines>
            </method>
            <method name="n"  hits="0"  signature="()V" >
                <lines><line number="1"  hits="0" /></lines>
            </method>
            <method name="n"  hits="0"  signature="()V" >
                <lines><line number="1"  hits="0" /></lines>
            </method>
            <method name="r"  hits="0"  signature="()V" >
                <lines><line number="1"  hits="0" /></lines>
            </method>
            <method name="i"  hits="1"  signature="()V" >
                <lines><line number="1"  hits="1" /></lines>
            </method>
            <method name="s"  hits="3"  signature="()V" >
                <lines><line number="1"  hits="3" /></lines>
            </method>
            <method name="o"  hits="5"  signature="()V" >
                <lines><line number="1"  hits="5" /></lines>
            </method>
            <method name="u"  hits="7"  signature="()V" >
                <lines><line number="1"  hits="7" /></lines>
            </method>
            <method name="a"  hits="14"  signature="()V" >
                <lines><line number="1"  hits="14" /></lines>
            </method>
            <method name="f"  hits="14"  signature="()V" >
                <lines><line number="1"  hits="14" /></lines>
            </method>
            <method name="l"  hits="12"  signature="()V" >
                <lines><line number="1"  hits="12" /></lines>
            </method>
            <method name="c"  hits="2"  signature="()V" >
                <lines><line number="1"  hits="2" /></lines>
            </method>
            <method name="h"  hits="2"  signature="()V" >
                <lines><line number="1"  hits="2" /></lines>
            </method>
            <method name="(anonymous_16)"  hits="0"  signature="()V" >
                <lines><line number="1"  hits="0" /></lines>
            </method>
            <method name="(anonymous_17)"  hits="120"  signature="()V" >
                <lines><line number="1"  hits="120" /></lines>
            </method>
            <method name="(anonymous_18)"  hits="120"  signature="()V" >
                <lines><line number="1"  hits="120" /></lines>
            </method>
            <method name="(anonymous_19)"  hits="115"  signature="()V" >
                <lines><line number="1"  hits="115" /></lines>
            </method>
            <method name="(anonymous_20)"  hits="25"  signature="()V" >
                <lines><line number="1"  hits="25" /></lines>
            </method>
            <method name="(anonymous_21)"  hits="28"  signature="()V" >
                <lines><line number="1"  hits="28" /></lines>
            </method>
            <method name="(anonymous_22)"  hits="20"  signature="()V" >
                <lines><line number="1"  hits="20" /></lines>
            </method>
            <method name="(anonymous_23)"  hits="2"  signature="()V" >
                <lines><line number="1"  hits="2" /></lines>
            </method>
            <method name="(anonymous_24)"  hits="47"  signature="()V" >
                <lines><line number="1"  hits="47" /></lines>
            </method>
            <method name="(anonymous_25)"  hits="3"  signature="()V" >
                <lines><line number="1"  hits="3" /></lines>
            </method>
            <method name="(anonymous_26)"  hits="22"  signature="()V" >
                <lines><line number="1"  hits="22" /></lines>
            </method>
            <method name="(anonymous_27)"  hits="2"  signature="()V" >
                <lines><line number="1"  hits="2" /></lines>
            </method>
            <method name="(anonymous_28)"  hits="1"  signature="()V" >
                <lines><line number="1"  hits="1" /></lines>
            </method>
            <method name="e"  hits="2"  signature="()V" >
                <lines><line number="1"  hits="2" /></lines>
            </method>
            <method name="t"  hits="3"  signature="()V" >
                <lines><line number="1"  hits="3" /></lines>
            </method>
            <method name="n"  hits="21"  signature="()V" >
                <lines><line number="1"  hits="21" /></lines>
            </method>
            <method name="(anonymous_32)"  hits="7"  signature="()V" >
                <lines><line number="1"  hits="7" /></lines>
            </method>
            <method name="(anonymous_33)"  hits="13"  signature="()V" >
                <lines><line number="1"  hits="13" /></lines>
            </method>
            <method name="(anonymous_34)"  hits="4"  signature="()V" >
                <lines><line number="1"  hits="4" /></lines>
            </method>
            <method name="r"  hits="8"  signature="()V" >
                <lines><line number="1"  hits="8" /></lines>
            </method>
            <method name="i"  hits="13"  signature="()V" >
                <lines><line number="1"  hits="13" /></lines>
            </method>
            <method name="(anonymous_37)"  hits="0"  signature="()V" >
                <lines><line number="1"  hits="0" /></lines>
            </method>
            <method name="(anonymous_38)"  hits="7"  signature="()V" >
                <lines><line number="1"  hits="7" /></lines>
            </method>
            <method name="(anonymous_39)"  hits="1"  signature="()V" >
                <lines><line number="1"  hits="1" /></lines>
            </method>
            <method name="s"  hits="3"  signature="()V" >
                <lines><line number="1"  hits="3" /></lines>
            </method>
            <method name="(anonymous_41)"  hits="8"  signature="()V" >
                <lines><line number="1"  hits="8" /></lines>
            </method>
            <method name="(anonymous_42)"  hits="0"  signature="()V" >
                <lines><line number="1"  hits="0" /></lines>
            </method>
            <method name="(anonymous_43)"  hits="20"  signature="()V" >
                <lines><line number="1"  hits="20" /></lines>
            </method>
            <method name="(anonymous_44)"  hits="1"  signature="()V" >
                <lines><line number="1"  hits="1" /></lines>
            </method>
            <method name="(anonymous_45)"  hits="1"  signature="()V" >
                <lines><line number="1"  hits="1" /></lines>
            </method>
            <method name="t"  hits="7"  signature="()V" >
                <lines><line number="1"  hits="7" /></lines>
            </method>
            <method name="(anonymous_47)"  hits="6"  signature="()V" >
                <lines><line number="1"  hits="6" /></lines>
            </method>
            <method name="n"  hits="1"  signature="()V" >
                <lines><line number="1"  hits="1" /></lines>
            </method>
            <method name="(anonymous_49)"  hits="14"  signature="()V" >
                <lines><line number="1"  hits="14" /></lines>
            </method>
            <method name="(anonymous_50)"  hits="3"  signature="()V" >
                <lines><line number="1"  hits="3" /></lines>
            </method>
            <method name="(anonymous_51)"  hits="4"  signature="()V" >
                <lines><line number="1"  hits="4" /></lines>
            </method>
            <method name="i"  hits="3"  signature="()V" >
                <lines><line number="1"  hits="3" /></lines>
            </method>
            <method name="(anonymous_53)"  hits="14"  signature="()V" >
                <lines><line number="1"  hits="14" /></lines>
            </method>
            <method name="(anonymous_54)"  hits="14"  signature="()V" >
                <lines><line number="1"  hits="14" /></lines>
            </method>
            <method name="(anonymous_55)"  hits="15"  signature="()V" >
                <lines><line number="1"  hits="15" /></lines>
            </method>
            <method name="(anonymous_56)"  hits="9"  signature="()V" >
                <lines><line number="1"  hits="9" /></lines>
            </method>
            <method name="(anonymous_57)"  hits="0"  signature="()V" >
                <lines><line number="1"  hits="0" /></lines>
            </method>
            <method name="(anonymous_58)"  hits="0"  signature="()V" >
                <lines><line number="1"  hits="0" /></lines>
            </method>
            <method name="(anonymous_59)"  hits="0"  signature="()V" >
                <lines><line number="1"  hits="0" /></lines>
            </method>
            <method name="(anonymous_60)"  hits="0"  signature="()V" >
                <lines><line number="1"  hits="0" /></lines>
            </method>
            <method name="(anonymous_61)"  hits="0"  signature="()V" >
                <lines><line number="1"  hits="0" /></lines>
            </method>
            <method name="(anonymous_62)"  hits="1"  signature="()V" >
                <lines><line number="1"  hits="1" /></lines>
            </method>
            <method name="e"  hits="12"  signature="()V" >
                <lines><line number="1"  hits="12" /></lines>
            </method>
            <method name="t"  hits="14"  signature="()V" >
                <lines><line number="1"  hits="14" /></lines>
            </method>
            <method name="n"  hits="9"  signature="()V" >
                <lines><line number="1"  hits="9" /></lines>
            </method>
            <method name="r"  hits="6"  signature="()V" >
                <lines><line number="1"  hits="6" /></lines>
            </method>
            <method name="(anonymous_67)"  hits="4"  signature="()V" >
                <lines><line number="1"  hits="4" /></lines>
            </method>
            <method name="(anonymous_68)"  hits="7"  signature="()V" >
                <lines><line number="1"  hits="7" /></lines>
            </method>
            <method name="(anonymous_69)"  hits="7"  signature="()V" >
                <lines><line number="1"  hits="7" /></lines>
            </method>
            <method name="(anonymous_70)"  hits="3"  signature="()V" >
                <lines><line number="1"  hits="3" /></lines>
            </method>
            <method name="(anonymous_71)"  hits="3"  signature="()V" >
                <lines><line number="1"  hits="3" /></lines>
            </method>
            <method name="(anonymous_72)"  hits="3"  signature="()V" >
                <lines><line number="1"  hits="3" /></lines>
            </method>
            <method name="(anonymous_73)"  hits="2"  signature="()V" >
                <lines><line number="1"  hits="2" /></lines>
            </method>
            <method name="(anonymous_74)"  hits="13"  signature="()V" >
                <lines><line number="1"  hits="13" /></lines>
            </method>
            <method name="(anonymous_75)"  hits="11"  signature="()V" >
                <lines><line number="1"  hits="11" /></lines>
            </method>
            <method name="(anonymous_76)"  hits="4"  signature="()V" >
                <lines><line number="1"  hits="4" /></lines>
            </method>
            <method name="(anonymous_77)"  hits="4"  signature="()V" >
                <lines><line number="1"  hits="4" /></lines>
            </method>
            <method name="(anonymous_78)"  hits="2"  signature="()V" >
                <lines><line number="1"  hits="2" /></lines>
            </method>
            <method name="(anonymous_79)"  hits="0"  signature="()V" >
                <lines><line number="1"  hits="0" /></lines>
            </method>
            <method name="(anonymous_80)"  hits="2"  signature="()V" >
                <lines><line number="1"  hits="2" /></lines>
            </method>
            <method name="(anonymous_81)"  hits="4"  signature="()V" >
                <lines><line number="1"  hits="4" /></lines>
            </method>
            <method name="(anonymous_82)"  hits="7"  signature="()V" >
                <lines><line number="1"  hits="7" /></lines>
            </method>
            <method name="(anonymous_83)"  hits="3"  signature="()V" >
                <lines><line number="1"  hits="3" /></lines>
            </method>
            <method name="(anonymous_84)"  hits="4"  signature="()V" >
                <lines><line number="1"  hits="4" /></lines>
            </method>
            <method name="(anonymous_85)"  hits="1"  signature="()V" >
                <lines><line number="1"  hits="1" /></lines>
            </method>
            <method name="(anonymous_86)"  hits="4"  signature="()V" >
                <lines><line number="1"  hits="4" /></lines>
            </method>
            <method name="(anonymous_87)"  hits="2"  signature="()V" >
                <lines><line number="1"  hits="2" /></lines>
            </method>
            <method name="(anonymous_88)"  hits="3"  signature="()V" >
                <lines><line number="1"  hits="3" /></lines>
            </method>
            <method name="(anonymous_89)"  hits="0"  signature="()V" >
                <lines><line number="1"  hits="0" /></lines>
            </method>
        </methods>
        <lines>
            <line number="1"  hits="120"  branch="true"  condition-coverage="77.00892857142857% (345/448)" />
        </lines>
        </class>
    </classes>
    </package>
</packages>
</coverage>
